[12-Jul-2017 05:15:58 UTC] PHP Parse error:  syntax error, unexpected '/' in /home/ubuntu/workspace/Week 2/Task 1/index.php on line 62
[12-Jul-2017 06:38:38 UTC] PHP Warning:  require(post.php): failed to open stream: No such file or directory in /home/ubuntu/workspace/Week 2/Task 2/index.php on line 7
[12-Jul-2017 06:38:38 UTC] PHP Stack trace:
[12-Jul-2017 06:38:38 UTC] PHP   1. {main}() /home/ubuntu/workspace/Week 2/Task 2/index.php:0
[12-Jul-2017 06:38:38 UTC] PHP Fatal error:  require(): Failed opening required 'post.php' (include_path='.:/usr/share/php:/usr/share/pear') in /home/ubuntu/workspace/Week 2/Task 2/index.php on line 7
[12-Jul-2017 06:38:38 UTC] PHP Stack trace:
[12-Jul-2017 06:38:38 UTC] PHP   1. {main}() /home/ubuntu/workspace/Week 2/Task 2/index.php:0
[12-Jul-2017 06:39:05 UTC] PHP Warning:  require(../classes/post.php): failed to open stream: No such file or directory in /home/ubuntu/workspace/Week 2/Task 2/index.php on line 7
[12-Jul-2017 06:39:05 UTC] PHP Stack trace:
[12-Jul-2017 06:39:05 UTC] PHP   1. {main}() /home/ubuntu/workspace/Week 2/Task 2/index.php:0
[12-Jul-2017 06:39:05 UTC] PHP Fatal error:  require(): Failed opening required '../classes/post.php' (include_path='.:/usr/share/php:/usr/share/pear') in /home/ubuntu/workspace/Week 2/Task 2/index.php on line 7
[12-Jul-2017 06:39:05 UTC] PHP Stack trace:
[12-Jul-2017 06:39:05 UTC] PHP   1. {main}() /home/ubuntu/workspace/Week 2/Task 2/index.php:0
[12-Jul-2017 06:40:11 UTC] PHP Warning:  Missing argument 4 for wp\Post::__construct(), called in /home/ubuntu/workspace/Week 2/Task 2/index.php on line 12 and defined in /home/ubuntu/workspace/Week 2/Task 2/classes/post.php on line 12
[12-Jul-2017 06:40:11 UTC] PHP Stack trace:
[12-Jul-2017 06:40:11 UTC] PHP   1. {main}() /home/ubuntu/workspace/Week 2/Task 2/index.php:0
[12-Jul-2017 06:40:11 UTC] PHP   2. wp\Post->__construct() /home/ubuntu/workspace/Week 2/Task 2/index.php:12
[12-Jul-2017 06:40:11 UTC] PHP Warning:  Invalid argument supplied for foreach() in /home/ubuntu/workspace/Week 2/Task 2/index.php on line 61
[12-Jul-2017 06:40:11 UTC] PHP Stack trace:
[12-Jul-2017 06:40:11 UTC] PHP   1. {main}() /home/ubuntu/workspace/Week 2/Task 2/index.php:0
[12-Jul-2017 07:49:55 UTC] PHP Warning:  Missing argument 4 for wp\Post::__construct(), called in /home/ubuntu/workspace/Week 2/Task 2/index.php on line 12 and defined in /home/ubuntu/workspace/Week 2/Task 2/classes/post.php on line 12
[12-Jul-2017 07:49:55 UTC] PHP Stack trace:
[12-Jul-2017 07:49:55 UTC] PHP   1. {main}() /home/ubuntu/workspace/Week 2/Task 2/index.php:0
[12-Jul-2017 07:49:55 UTC] PHP   2. wp\Post->__construct() /home/ubuntu/workspace/Week 2/Task 2/index.php:12
[12-Jul-2017 07:49:55 UTC] PHP Warning:  Invalid argument supplied for foreach() in /home/ubuntu/workspace/Week 2/Task 2/index.php on line 61
[12-Jul-2017 07:49:55 UTC] PHP Stack trace:
[12-Jul-2017 07:49:55 UTC] PHP   1. {main}() /home/ubuntu/workspace/Week 2/Task 2/index.php:0
[12-Jul-2017 07:50:20 UTC] PHP Warning:  Invalid argument supplied for foreach() in /home/ubuntu/workspace/Week 2/Task 2/index.php on line 61
[12-Jul-2017 07:50:20 UTC] PHP Stack trace:
[12-Jul-2017 07:50:20 UTC] PHP   1. {main}() /home/ubuntu/workspace/Week 2/Task 2/index.php:0
[12-Jul-2017 10:50:32 UTC] PHP Warning:  Invalid argument supplied for foreach() in /home/ubuntu/workspace/Week 2/Task 2/index.php on line 68
[12-Jul-2017 10:50:32 UTC] PHP Stack trace:
[12-Jul-2017 10:50:32 UTC] PHP   1. {main}() /home/ubuntu/workspace/Week 2/Task 2/index.php:0
[12-Jul-2017 10:50:40 UTC] PHP Warning:  Invalid argument supplied for foreach() in /home/ubuntu/workspace/Week 2/Task 2/index.php on line 68
[12-Jul-2017 10:50:40 UTC] PHP Stack trace:
[12-Jul-2017 10:50:40 UTC] PHP   1. {main}() /home/ubuntu/workspace/Week 2/Task 2/index.php:0
[12-Jul-2017 10:54:17 UTC] PHP Fatal error:  Class 'PostSeeer' not found in /home/ubuntu/workspace/Week 2/Task 2/index.php on line 15
[12-Jul-2017 10:54:17 UTC] PHP Stack trace:
[12-Jul-2017 10:54:17 UTC] PHP   1. {main}() /home/ubuntu/workspace/Week 2/Task 2/index.php:0
[12-Jul-2017 10:54:31 UTC] PHP Fatal error:  Class 'PostSeeder' not found in /home/ubuntu/workspace/Week 2/Task 2/index.php on line 15
[12-Jul-2017 10:54:31 UTC] PHP Stack trace:
[12-Jul-2017 10:54:31 UTC] PHP   1. {main}() /home/ubuntu/workspace/Week 2/Task 2/index.php:0
[12-Jul-2017 10:54:46 UTC] PHP Fatal error:  Class 'postSeeder' not found in /home/ubuntu/workspace/Week 2/Task 2/index.php on line 15
[12-Jul-2017 10:54:46 UTC] PHP Stack trace:
[12-Jul-2017 10:54:46 UTC] PHP   1. {main}() /home/ubuntu/workspace/Week 2/Task 2/index.php:0
[12-Jul-2017 10:55:51 UTC] PHP Fatal error:  Class 'postSeeder' not found in /home/ubuntu/workspace/Week 2/Task 2/index.php on line 15
[12-Jul-2017 10:55:51 UTC] PHP Stack trace:
[12-Jul-2017 10:55:51 UTC] PHP   1. {main}() /home/ubuntu/workspace/Week 2/Task 2/index.php:0
[12-Jul-2017 10:55:56 UTC] PHP Fatal error:  Class 'postSeeder' not found in /home/ubuntu/workspace/Week 2/Task 2/index.php on line 15
[12-Jul-2017 10:55:56 UTC] PHP Stack trace:
[12-Jul-2017 10:55:56 UTC] PHP   1. {main}() /home/ubuntu/workspace/Week 2/Task 2/index.php:0
[12-Jul-2017 10:56:13 UTC] PHP Fatal error:  Class 'postSeeder' not found in /home/ubuntu/workspace/Week 2/Task 2/index.php on line 15
[12-Jul-2017 10:56:13 UTC] PHP Stack trace:
[12-Jul-2017 10:56:13 UTC] PHP   1. {main}() /home/ubuntu/workspace/Week 2/Task 2/index.php:0
[12-Jul-2017 10:56:52 UTC] PHP Fatal error:  Class 'postSeeder' not found in /home/ubuntu/workspace/Week 2/Task 2/index.php on line 15
[12-Jul-2017 10:56:52 UTC] PHP Stack trace:
[12-Jul-2017 10:56:52 UTC] PHP   1. {main}() /home/ubuntu/workspace/Week 2/Task 2/index.php:0
[12-Jul-2017 10:57:00 UTC] PHP Fatal error:  Class 'postSeeder' not found in /home/ubuntu/workspace/Week 2/Task 2/index.php on line 15
[12-Jul-2017 10:57:00 UTC] PHP Stack trace:
[12-Jul-2017 10:57:00 UTC] PHP   1. {main}() /home/ubuntu/workspace/Week 2/Task 2/index.php:0
[12-Jul-2017 11:08:05 UTC] PHP Fatal error:  Class 'postSeeder' not found in /home/ubuntu/workspace/Week 2/Task 2/index.php on line 15
[12-Jul-2017 11:08:05 UTC] PHP Stack trace:
[12-Jul-2017 11:08:05 UTC] PHP   1. {main}() /home/ubuntu/workspace/Week 2/Task 2/index.php:0
[12-Jul-2017 11:08:33 UTC] PHP Fatal error:  Class 'PostSeeder' not found in /home/ubuntu/workspace/Week 2/Task 2/index.php on line 15
[12-Jul-2017 11:08:33 UTC] PHP Stack trace:
[12-Jul-2017 11:08:33 UTC] PHP   1. {main}() /home/ubuntu/workspace/Week 2/Task 2/index.php:0
[12-Jul-2017 11:10:26 UTC] PHP Fatal error:  Class 'PostSeeder' not found in /home/ubuntu/workspace/Week 2/Task 2/index.php on line 15
[12-Jul-2017 11:10:26 UTC] PHP Stack trace:
[12-Jul-2017 11:10:26 UTC] PHP   1. {main}() /home/ubuntu/workspace/Week 2/Task 2/index.php:0
[12-Jul-2017 11:10:34 UTC] PHP Fatal error:  Class 'postSeeder' not found in /home/ubuntu/workspace/Week 2/Task 2/index.php on line 15
[12-Jul-2017 11:10:34 UTC] PHP Stack trace:
[12-Jul-2017 11:10:34 UTC] PHP   1. {main}() /home/ubuntu/workspace/Week 2/Task 2/index.php:0
[12-Jul-2017 11:11:03 UTC] PHP Fatal error:  Class 'Post' not found in /home/ubuntu/workspace/Week 2/Task 2/classes/postSeeder.php on line 9
[12-Jul-2017 11:11:03 UTC] PHP Stack trace:
[12-Jul-2017 11:11:03 UTC] PHP   1. {main}() /home/ubuntu/workspace/Week 2/Task 2/index.php:0
[12-Jul-2017 11:11:03 UTC] PHP   2. PostSeeder::seed() /home/ubuntu/workspace/Week 2/Task 2/index.php:15
[12-Jul-2017 11:11:16 UTC] PHP Fatal error:  Class 'Post' not found in /home/ubuntu/workspace/Week 2/Task 2/classes/postSeeder.php on line 9
[12-Jul-2017 11:11:16 UTC] PHP Stack trace:
[12-Jul-2017 11:11:16 UTC] PHP   1. {main}() /home/ubuntu/workspace/Week 2/Task 2/index.php:0
[12-Jul-2017 11:11:16 UTC] PHP   2. PostSeeder::seed() /home/ubuntu/workspace/Week 2/Task 2/index.php:15
[12-Jul-2017 11:13:03 UTC] PHP Fatal error:  Class 'Post' not found in /home/ubuntu/workspace/Week 2/Task 2/classes/postSeeder.php on line 10
[12-Jul-2017 11:13:03 UTC] PHP Stack trace:
[12-Jul-2017 11:13:03 UTC] PHP   1. {main}() /home/ubuntu/workspace/Week 2/Task 2/index.php:0
[12-Jul-2017 11:13:03 UTC] PHP   2. PostSeeder::seed() /home/ubuntu/workspace/Week 2/Task 2/index.php:15
[12-Jul-2017 11:13:33 UTC] PHP Fatal error:  Call to a member function getUser() on a non-object in /home/ubuntu/workspace/Week 2/Task 2/index.php on line 19
[12-Jul-2017 11:13:33 UTC] PHP Stack trace:
[12-Jul-2017 11:13:33 UTC] PHP   1. {main}() /home/ubuntu/workspace/Week 2/Task 2/index.php:0
[12-Jul-2017 11:14:02 UTC] PHP Fatal error:  Call to a member function getUser() on a non-object in /home/ubuntu/workspace/Week 2/Task 2/index.php on line 19
[12-Jul-2017 11:14:02 UTC] PHP Stack trace:
[12-Jul-2017 11:14:02 UTC] PHP   1. {main}() /home/ubuntu/workspace/Week 2/Task 2/index.php:0
[12-Jul-2017 11:16:26 UTC] PHP Warning:  The use statement with non-compound name 'wp' has no effect in /home/ubuntu/workspace/Week 2/Task 2/index.php on line 14
[12-Jul-2017 11:16:26 UTC] PHP Parse error:  syntax error, unexpected '/', expecting ',' or ';' in /home/ubuntu/workspace/Week 2/Task 2/index.php on line 14
[12-Jul-2017 11:16:51 UTC] PHP Fatal error:  Class 'wp\PostSeeder' not found in /home/ubuntu/workspace/Week 2/Task 2/index.php on line 16
[12-Jul-2017 11:16:51 UTC] PHP Stack trace:
[12-Jul-2017 11:16:51 UTC] PHP   1. {main}() /home/ubuntu/workspace/Week 2/Task 2/index.php:0
[12-Jul-2017 11:17:48 UTC] PHP Fatal error:  Call to a member function getUser() on a non-object in /home/ubuntu/workspace/Week 2/Task 2/index.php on line 20
[12-Jul-2017 11:17:48 UTC] PHP Stack trace:
[12-Jul-2017 11:17:48 UTC] PHP   1. {main}() /home/ubuntu/workspace/Week 2/Task 2/index.php:0
[12-Jul-2017 11:20:56 UTC] PHP Fatal error:  Call to a member function getMessage() on a non-object in /home/ubuntu/workspace/Week 2/Task 2/index.php on line 20
[12-Jul-2017 11:20:56 UTC] PHP Stack trace:
[12-Jul-2017 11:20:56 UTC] PHP   1. {main}() /home/ubuntu/workspace/Week 2/Task 2/index.php:0
[12-Jul-2017 11:23:17 UTC] PHP Fatal error:  Call to undefined method wp\Post::getName() in /home/ubuntu/workspace/Week 2/Task 2/index.php on line 78
[12-Jul-2017 11:23:17 UTC] PHP Stack trace:
[12-Jul-2017 11:23:17 UTC] PHP   1. {main}() /home/ubuntu/workspace/Week 2/Task 2/index.php:0
[12-Jul-2017 11:28:36 UTC] PHP Fatal error:  Call to a member function addComment() on a non-object in /home/ubuntu/workspace/Week 2/Task 2/index.php on line 19
[12-Jul-2017 11:28:36 UTC] PHP Stack trace:
[12-Jul-2017 11:28:36 UTC] PHP   1. {main}() /home/ubuntu/workspace/Week 2/Task 2/index.php:0
[12-Jul-2017 11:29:37 UTC] PHP Fatal error:  Call to a member function addComment() on a non-object in /home/ubuntu/workspace/Week 2/Task 2/index.php on line 19
[12-Jul-2017 11:29:37 UTC] PHP Stack trace:
[12-Jul-2017 11:29:37 UTC] PHP   1. {main}() /home/ubuntu/workspace/Week 2/Task 2/index.php:0
[12-Jul-2017 11:33:15 UTC] PHP Fatal error:  Call to a member function addComment() on a non-object in /home/ubuntu/workspace/Week 2/Task 2/index.php on line 19
[12-Jul-2017 11:33:15 UTC] PHP Stack trace:
[12-Jul-2017 11:33:15 UTC] PHP   1. {main}() /home/ubuntu/workspace/Week 2/Task 2/index.php:0
[12-Jul-2017 11:39:33 UTC] PHP Warning:  Invalid argument supplied for foreach() in /home/ubuntu/workspace/Week 2/Task 2/index.php on line 87
[12-Jul-2017 11:39:33 UTC] PHP Stack trace:
[12-Jul-2017 11:39:33 UTC] PHP   1. {main}() /home/ubuntu/workspace/Week 2/Task 2/index.php:0
[12-Jul-2017 11:39:33 UTC] PHP Warning:  Invalid argument supplied for foreach() in /home/ubuntu/workspace/Week 2/Task 2/index.php on line 87
[12-Jul-2017 11:39:33 UTC] PHP Stack trace:
[12-Jul-2017 11:39:33 UTC] PHP   1. {main}() /home/ubuntu/workspace/Week 2/Task 2/index.php:0
[12-Jul-2017 11:39:33 UTC] PHP Warning:  Invalid argument supplied for foreach() in /home/ubuntu/workspace/Week 2/Task 2/index.php on line 87
[12-Jul-2017 11:39:33 UTC] PHP Stack trace:
[12-Jul-2017 11:39:33 UTC] PHP   1. {main}() /home/ubuntu/workspace/Week 2/Task 2/index.php:0
[12-Jul-2017 13:34:12 UTC] PHP Warning:  include(comment.php): failed to open stream: No such file or directory in /home/ubuntu/workspace/Week 2/Task 3/post.php on line 5
[12-Jul-2017 13:34:12 UTC] PHP Stack trace:
[12-Jul-2017 13:34:12 UTC] PHP   1. {main}() /home/ubuntu/workspace/Week 2/Task 3/index.php:0
[12-Jul-2017 13:34:12 UTC] PHP   2. include() /home/ubuntu/workspace/Week 2/Task 3/index.php:15
[12-Jul-2017 13:34:12 UTC] PHP   3. include_once() /home/ubuntu/workspace/Week 2/Task 3/classes/postSeeder.php:5
[12-Jul-2017 13:34:12 UTC] PHP Warning:  include(): Failed opening 'comment.php' for inclusion (include_path='.:/usr/share/php:/usr/share/pear') in /home/ubuntu/workspace/Week 2/Task 3/post.php on line 5
[12-Jul-2017 13:34:12 UTC] PHP Stack trace:
[12-Jul-2017 13:34:12 UTC] PHP   1. {main}() /home/ubuntu/workspace/Week 2/Task 3/index.php:0
[12-Jul-2017 13:34:12 UTC] PHP   2. include() /home/ubuntu/workspace/Week 2/Task 3/index.php:15
[12-Jul-2017 13:34:12 UTC] PHP   3. include_once() /home/ubuntu/workspace/Week 2/Task 3/classes/postSeeder.php:5
[12-Jul-2017 13:34:12 UTC] PHP Fatal error:  Class 'wp\Comment' not found in /home/ubuntu/workspace/Week 2/Task 3/post.php on line 22
[12-Jul-2017 13:34:12 UTC] PHP Stack trace:
[12-Jul-2017 13:34:12 UTC] PHP   1. {main}() /home/ubuntu/workspace/Week 2/Task 3/index.php:0
[12-Jul-2017 13:34:12 UTC] PHP   2. wp\PostSeeder::seed() /home/ubuntu/workspace/Week 2/Task 3/index.php:16
[12-Jul-2017 13:34:12 UTC] PHP   3. wp\Post->__construct() /home/ubuntu/workspace/Week 2/Task 3/classes/postSeeder.php:12
[12-Jul-2017 13:37:32 UTC] PHP Warning:  include_once(/home/ubuntu/workspace/Week 2/Task 3/post.php): failed to open stream: No such file or directory in /home/ubuntu/workspace/Week 2/Task 3/classes/postSeeder.php on line 5
[12-Jul-2017 13:37:32 UTC] PHP Stack trace:
[12-Jul-2017 13:37:32 UTC] PHP   1. {main}() /home/ubuntu/workspace/Week 2/Task 3/index.php:0
[12-Jul-2017 13:37:32 UTC] PHP   2. include() /home/ubuntu/workspace/Week 2/Task 3/index.php:15
[12-Jul-2017 13:37:32 UTC] PHP Warning:  include_once(): Failed opening '/home/ubuntu/workspace/Week 2/Task 3/post.php' for inclusion (include_path='.:/usr/share/php:/usr/share/pear') in /home/ubuntu/workspace/Week 2/Task 3/classes/postSeeder.php on line 5
[12-Jul-2017 13:37:32 UTC] PHP Stack trace:
[12-Jul-2017 13:37:32 UTC] PHP   1. {main}() /home/ubuntu/workspace/Week 2/Task 3/index.php:0
[12-Jul-2017 13:37:32 UTC] PHP   2. include() /home/ubuntu/workspace/Week 2/Task 3/index.php:15
[12-Jul-2017 13:37:32 UTC] PHP Fatal error:  Class 'wp\Post' not found in /home/ubuntu/workspace/Week 2/Task 3/classes/postSeeder.php on line 12
[12-Jul-2017 13:37:32 UTC] PHP Stack trace:
[12-Jul-2017 13:37:32 UTC] PHP   1. {main}() /home/ubuntu/workspace/Week 2/Task 3/index.php:0
[12-Jul-2017 13:37:32 UTC] PHP   2. wp\PostSeeder::seed() /home/ubuntu/workspace/Week 2/Task 3/index.php:16
[12-Jul-2017 13:42:03 UTC] PHP Fatal error:  Call to undefined method wp\Comment::getComments() in /home/ubuntu/workspace/Week 2/Task 3/classes/post.php on line 52
[12-Jul-2017 13:42:03 UTC] PHP Stack trace:
[12-Jul-2017 13:42:03 UTC] PHP   1. {main}() /home/ubuntu/workspace/Week 2/Task 3/index.php:0
[12-Jul-2017 13:42:03 UTC] PHP   2. wp\Post->getComments() /home/ubuntu/workspace/Week 2/Task 3/index.php:87
[12-Jul-2017 13:48:06 UTC] PHP Warning:  Illegal string offset 'user' in /home/ubuntu/workspace/Week 2/Task 3/index.php on line 89
[12-Jul-2017 13:48:06 UTC] PHP Stack trace:
[12-Jul-2017 13:48:06 UTC] PHP   1. {main}() /home/ubuntu/workspace/Week 2/Task 3/index.php:0
[12-Jul-2017 13:48:06 UTC] PHP Warning:  Illegal string offset 'comment' in /home/ubuntu/workspace/Week 2/Task 3/index.php on line 89
[12-Jul-2017 13:48:06 UTC] PHP Stack trace:
[12-Jul-2017 13:48:06 UTC] PHP   1. {main}() /home/ubuntu/workspace/Week 2/Task 3/index.php:0
[12-Jul-2017 13:48:06 UTC] PHP Warning:  Illegal string offset 'user' in /home/ubuntu/workspace/Week 2/Task 3/index.php on line 89
[12-Jul-2017 13:48:06 UTC] PHP Stack trace:
[12-Jul-2017 13:48:06 UTC] PHP   1. {main}() /home/ubuntu/workspace/Week 2/Task 3/index.php:0
[12-Jul-2017 13:48:06 UTC] PHP Warning:  Illegal string offset 'comment' in /home/ubuntu/workspace/Week 2/Task 3/index.php on line 89
[12-Jul-2017 13:48:06 UTC] PHP Stack trace:
[12-Jul-2017 13:48:06 UTC] PHP   1. {main}() /home/ubuntu/workspace/Week 2/Task 3/index.php:0
[12-Jul-2017 13:48:06 UTC] PHP Warning:  Illegal string offset 'user' in /home/ubuntu/workspace/Week 2/Task 3/index.php on line 89
[12-Jul-2017 13:48:06 UTC] PHP Stack trace:
[12-Jul-2017 13:48:06 UTC] PHP   1. {main}() /home/ubuntu/workspace/Week 2/Task 3/index.php:0
[12-Jul-2017 13:48:06 UTC] PHP Warning:  Illegal string offset 'comment' in /home/ubuntu/workspace/Week 2/Task 3/index.php on line 89
[12-Jul-2017 13:48:06 UTC] PHP Stack trace:
[12-Jul-2017 13:48:06 UTC] PHP   1. {main}() /home/ubuntu/workspace/Week 2/Task 3/index.php:0
[12-Jul-2017 13:57:56 UTC] PHP Fatal error:  Call to a member function getComments() on a non-object in /home/ubuntu/workspace/Week 2/Task 3/classes/post.php on line 52
[12-Jul-2017 13:57:56 UTC] PHP Stack trace:
[12-Jul-2017 13:57:56 UTC] PHP   1. {main}() /home/ubuntu/workspace/Week 2/Task 3/index.php:0
[12-Jul-2017 13:57:56 UTC] PHP   2. wp\Post->getComments() /home/ubuntu/workspace/Week 2/Task 3/index.php:87
[12-Jul-2017 13:58:04 UTC] PHP Fatal error:  Call to a member function getComment() on a non-object in /home/ubuntu/workspace/Week 2/Task 3/classes/post.php on line 52
[12-Jul-2017 13:58:04 UTC] PHP Stack trace:
[12-Jul-2017 13:58:04 UTC] PHP   1. {main}() /home/ubuntu/workspace/Week 2/Task 3/index.php:0
[12-Jul-2017 13:58:04 UTC] PHP   2. wp\Post->getComments() /home/ubuntu/workspace/Week 2/Task 3/index.php:87
[12-Jul-2017 13:58:43 UTC] PHP Fatal error:  Cannot use object of type wp\Comment as array in /home/ubuntu/workspace/Week 2/Task 3/index.php on line 89
[12-Jul-2017 13:58:43 UTC] PHP Stack trace:
[12-Jul-2017 13:58:43 UTC] PHP   1. {main}() /home/ubuntu/workspace/Week 2/Task 3/index.php:0
[12-Jul-2017 14:04:58 UTC] PHP Parse error:  syntax error, unexpected 'count' (T_STRING), expecting '(' in /home/ubuntu/workspace/Week 2/Task 3/index.php on line 89
[12-Jul-2017 14:06:08 UTC] PHP Parse error:  syntax error, unexpected end of file in /home/ubuntu/workspace/Week 2/Task 3/index.php on line 108
[12-Jul-2017 14:06:27 UTC] PHP Parse error:  syntax error, unexpected '}', expecting ',' or ';' in /home/ubuntu/workspace/Week 2/Task 3/index.php on line 91
[12-Jul-2017 14:15:41 UTC] PHP Parse error:  syntax error, unexpected ')' in /home/ubuntu/workspace/Week 2/Task 3/index.php on line 89
[12-Jul-2017 14:45:29 UTC] PHP Fatal error:  Can't use function return value in write context in /home/ubuntu/workspace/Week 2/Task 3/index.php on line 90
[12-Jul-2017 14:45:49 UTC] PHP Fatal error:  Can't use function return value in write context in /home/ubuntu/workspace/Week 2/Task 3/index.php on line 90
[12-Jul-2017 14:45:54 UTC] PHP Fatal error:  Can't use function return value in write context in /home/ubuntu/workspace/Week 2/Task 3/index.php on line 90
[12-Jul-2017 14:46:15 UTC] PHP Parse error:  syntax error, unexpected ')' in /home/ubuntu/workspace/Week 2/Task 3/index.php on line 90
